2025-06-30 00:02:16,886 - __main__ - INFO - Starting Telegram Music Bot...
2025-06-30 00:02:17,167 - __main__ - INFO - Starting Telegram Music Bot...
2025-06-30 00:02:20,837 - httpx - INFO - HTTP Request: POST https://api.telegram.org/bot7695524046:AAEkX4aV2-Wkb-5cC5JGsqBZhZHoWirOJVI/getMe "HTTP/1.1 200 OK"
2025-06-30 00:02:20,838 - httpx - INFO - HTTP Request: POST https://api.telegram.org/bot7695524046:AAEkX4aV2-Wkb-5cC5JGsqBZhZHoWirOJVI/getMe "HTTP/1.1 200 OK"
2025-06-30 00:02:20,979 - httpx - INFO - HTTP Request: POST https://api.telegram.org/bot7695524046:AAEkX4aV2-Wkb-5cC5JGsqBZhZHoWirOJVI/deleteWebhook "HTTP/1.1 200 OK"
2025-06-30 00:02:20,980 - telegram.ext.Application - INFO - Application started
2025-06-30 00:02:20,992 - httpx - INFO - HTTP Request: POST https://api.telegram.org/bot7695524046:AAEkX4aV2-Wkb-5cC5JGsqBZhZHoWirOJVI/deleteWebhook "HTTP/1.1 200 OK"
2025-06-30 00:02:20,994 - telegram.ext.Application - INFO - Application started
2025-06-30 00:02:21,417 - httpx - INFO - HTTP Request: POST https://api.telegram.org/bot7695524046:AAEkX4aV2-Wkb-5cC5JGsqBZhZHoWirOJVI/getUpdates "HTTP/1.1 409 Conflict"
2025-06-30 00:02:21,418 - bot.handlers - ERROR - Update None caused error Conflict: terminated by other getUpdates request; make sure that only one bot instance is running
2025-06-30 00:02:25,563 - httpx - INFO - HTTP Request: POST https://api.telegram.org/bot7695524046:AAEkX4aV2-Wkb-5cC5JGsqBZhZHoWirOJVI/getUpdates "HTTP/1.1 409 Conflict"
2025-06-30 00:02:25,564 - bot.handlers - ERROR - Update None caused error Conflict: terminated by other getUpdates request; make sure that only one bot instance is running
2025-06-30 00:02:26,706 - httpx - INFO - HTTP Request: POST https://api.telegram.org/bot7695524046:AAEkX4aV2-Wkb-5cC5JGsqBZhZHoWirOJVI/getUpdates "HTTP/1.1 409 Conflict"
2025-06-30 00:02:26,707 - bot.handlers - ERROR - Update None caused error Conflict: terminated by other getUpdates request; make sure that only one bot instance is running
2025-06-30 00:02:31,350 - httpx - INFO - HTTP Request: POST https://api.telegram.org/bot7695524046:AAEkX4aV2-Wkb-5cC5JGsqBZhZHoWirOJVI/getUpdates "HTTP/1.1 409 Conflict"
2025-06-30 00:02:31,351 - bot.handlers - ERROR - Update None caused error Conflict: terminated by other getUpdates request; make sure that only one bot instance is running
2025-06-30 00:02:39,877 - __main__ - INFO - Starting Telegram Music Bot...
2025-06-30 00:02:40,311 - httpx - INFO - HTTP Request: POST https://api.telegram.org/bot7695524046:AAEkX4aV2-Wkb-5cC5JGsqBZhZHoWirOJVI/getMe "HTTP/1.1 200 OK"
2025-06-30 00:02:40,453 - httpx - INFO - HTTP Request: POST https://api.telegram.org/bot7695524046:AAEkX4aV2-Wkb-5cC5JGsqBZhZHoWirOJVI/deleteWebhook "HTTP/1.1 200 OK"
2025-06-30 00:02:40,455 - telegram.ext.Application - INFO - Application started
2025-06-30 00:02:50,881 - httpx - INFO - HTTP Request: POST https://api.telegram.org/bot7695524046:AAEkX4aV2-Wkb-5cC5JGsqBZhZHoWirOJVI/getUpdates "HTTP/1.1 200 OK"
2025-06-30 00:03:01,023 - httpx - INFO - HTTP Request: POST https://api.telegram.org/bot7695524046:AAEkX4aV2-Wkb-5cC5JGsqBZhZHoWirOJVI/getUpdates "HTTP/1.1 200 OK"
2025-06-30 00:03:11,164 - httpx - INFO - HTTP Request: POST https://api.telegram.org/bot7695524046:AAEkX4aV2-Wkb-5cC5JGsqBZhZHoWirOJVI/getUpdates "HTTP/1.1 200 OK"
2025-06-30 00:03:21,306 - httpx - INFO - HTTP Request: POST https://api.telegram.org/bot7695524046:AAEkX4aV2-Wkb-5cC5JGsqBZhZHoWirOJVI/getUpdates "HTTP/1.1 200 OK"
2025-06-30 00:03:31,447 - httpx - INFO - HTTP Request: POST https://api.telegram.org/bot7695524046:AAEkX4aV2-Wkb-5cC5JGsqBZhZHoWirOJVI/getUpdates "HTTP/1.1 200 OK"
2025-06-30 00:03:41,587 - httpx - INFO - HTTP Request: POST https://api.telegram.org/bot7695524046:AAEkX4aV2-Wkb-5cC5JGsqBZhZHoWirOJVI/getUpdates "HTTP/1.1 200 OK"
2025-06-30 00:03:51,728 - httpx - INFO - HTTP Request: POST https://api.telegram.org/bot7695524046:AAEkX4aV2-Wkb-5cC5JGsqBZhZHoWirOJVI/getUpdates "HTTP/1.1 200 OK"
2025-06-30 00:04:01,870 - httpx - INFO - HTTP Request: POST https://api.telegram.org/bot7695524046:AAEkX4aV2-Wkb-5cC5JGsqBZhZHoWirOJVI/getUpdates "HTTP/1.1 200 OK"
2025-06-30 00:04:12,011 - httpx - INFO - HTTP Request: POST https://api.telegram.org/bot7695524046:AAEkX4aV2-Wkb-5cC5JGsqBZhZHoWirOJVI/getUpdates "HTTP/1.1 200 OK"
2025-06-30 00:04:22,153 - httpx - INFO - HTTP Request: POST https://api.telegram.org/bot7695524046:AAEkX4aV2-Wkb-5cC5JGsqBZhZHoWirOJVI/getUpdates "HTTP/1.1 200 OK"
2025-06-30 00:04:32,294 - httpx - INFO - HTTP Request: POST https://api.telegram.org/bot7695524046:AAEkX4aV2-Wkb-5cC5JGsqBZhZHoWirOJVI/getUpdates "HTTP/1.1 200 OK"
2025-06-30 00:04:42,437 - httpx - INFO - HTTP Request: POST https://api.telegram.org/bot7695524046:AAEkX4aV2-Wkb-5cC5JGsqBZhZHoWirOJVI/getUpdates "HTTP/1.1 200 OK"
2025-06-30 00:04:49,147 - httpx - INFO - HTTP Request: POST https://api.telegram.org/bot7695524046:AAEkX4aV2-Wkb-5cC5JGsqBZhZHoWirOJVI/getUpdates "HTTP/1.1 200 OK"
2025-06-30 00:04:49,753 - httpx - INFO - HTTP Request: POST https://api.telegram.org/bot7695524046:AAEkX4aV2-Wkb-5cC5JGsqBZhZHoWirOJVI/sendMessage "HTTP/1.1 200 OK"
2025-06-30 00:04:59,295 - httpx - INFO - HTTP Request: POST https://api.telegram.org/bot7695524046:AAEkX4aV2-Wkb-5cC5JGsqBZhZHoWirOJVI/getUpdates "HTTP/1.1 200 OK"
2025-06-30 00:05:03,416 - httpx - INFO - HTTP Request: POST https://api.telegram.org/bot7695524046:AAEkX4aV2-Wkb-5cC5JGsqBZhZHoWirOJVI/getUpdates "HTTP/1.1 200 OK"
2025-06-30 00:05:04,027 - httpx - INFO - HTTP Request: POST https://api.telegram.org/bot7695524046:AAEkX4aV2-Wkb-5cC5JGsqBZhZHoWirOJVI/sendMessage "HTTP/1.1 200 OK"
2025-06-30 00:05:13,561 - httpx - INFO - HTTP Request: POST https://api.telegram.org/bot7695524046:AAEkX4aV2-Wkb-5cC5JGsqBZhZHoWirOJVI/getUpdates "HTTP/1.1 200 OK"
2025-06-30 00:05:22,301 - httpx - INFO - HTTP Request: POST https://api.telegram.org/bot7695524046:AAEkX4aV2-Wkb-5cC5JGsqBZhZHoWirOJVI/getUpdates "HTTP/1.1 200 OK"
2025-06-30 00:05:22,918 - httpx - INFO - HTTP Request: POST https://api.telegram.org/bot7695524046:AAEkX4aV2-Wkb-5cC5JGsqBZhZHoWirOJVI/sendMessage "HTTP/1.1 200 OK"
2025-06-30 00:05:23,761 - httpx - INFO - HTTP Request: POST https://api.telegram.org/bot7695524046:AAEkX4aV2-Wkb-5cC5JGsqBZhZHoWirOJVI/editMessageText "HTTP/1.1 200 OK"
2025-06-30 00:05:32,443 - httpx - INFO - HTTP Request: POST https://api.telegram.org/bot7695524046:AAEkX4aV2-Wkb-5cC5JGsqBZhZHoWirOJVI/getUpdates "HTTP/1.1 200 OK"
2025-06-30 00:05:42,585 - httpx - INFO - HTTP Request: POST https://api.telegram.org/bot7695524046:AAEkX4aV2-Wkb-5cC5JGsqBZhZHoWirOJVI/getUpdates "HTTP/1.1 200 OK"
2025-06-30 00:05:52,725 - httpx - INFO - HTTP Request: POST https://api.telegram.org/bot7695524046:AAEkX4aV2-Wkb-5cC5JGsqBZhZHoWirOJVI/getUpdates "HTTP/1.1 200 OK"
2025-06-30 00:06:00,466 - httpx - INFO - HTTP Request: POST https://api.telegram.org/bot7695524046:AAEkX4aV2-Wkb-5cC5JGsqBZhZHoWirOJVI/getUpdates "HTTP/1.1 200 OK"
2025-06-30 00:06:10,608 - httpx - INFO - HTTP Request: POST https://api.telegram.org/bot7695524046:AAEkX4aV2-Wkb-5cC5JGsqBZhZHoWirOJVI/getUpdates "HTTP/1.1 200 OK"
2025-06-30 00:06:13,199 - httpx - INFO - HTTP Request: POST https://api.telegram.org/bot7695524046:AAEkX4aV2-Wkb-5cC5JGsqBZhZHoWirOJVI/getUpdates "HTTP/1.1 200 OK"
2025-06-30 00:06:13,813 - httpx - INFO - HTTP Request: POST https://api.telegram.org/bot7695524046:AAEkX4aV2-Wkb-5cC5JGsqBZhZHoWirOJVI/sendMessage "HTTP/1.1 200 OK"
2025-06-30 00:06:21,897 - httpx - INFO - HTTP Request: POST https://api.telegram.org/bot7695524046:AAEkX4aV2-Wkb-5cC5JGsqBZhZHoWirOJVI/getUpdates "HTTP/1.1 200 OK"
2025-06-30 00:06:22,499 - httpx - INFO - HTTP Request: POST https://api.telegram.org/bot7695524046:AAEkX4aV2-Wkb-5cC5JGsqBZhZHoWirOJVI/sendMessage "HTTP/1.1 200 OK"
2025-06-30 00:06:22,893 - httpx - INFO - HTTP Request: POST https://api.telegram.org/bot7695524046:AAEkX4aV2-Wkb-5cC5JGsqBZhZHoWirOJVI/editMessageText "HTTP/1.1 200 OK"
2025-06-30 00:06:29,366 - httpx - INFO - HTTP Request: POST https://api.telegram.org/bot7695524046:AAEkX4aV2-Wkb-5cC5JGsqBZhZHoWirOJVI/getUpdates "HTTP/1.1 200 OK"
2025-06-30 00:06:36,168 - httpx - INFO - HTTP Request: POST https://api.telegram.org/bot7695524046:AAEkX4aV2-Wkb-5cC5JGsqBZhZHoWirOJVI/getUpdates "HTTP/1.1 200 OK"
2025-06-30 00:06:36,779 - httpx - INFO - HTTP Request: POST https://api.telegram.org/bot7695524046:AAEkX4aV2-Wkb-5cC5JGsqBZhZHoWirOJVI/sendMessage "HTTP/1.1 200 OK"
2025-06-30 00:06:37,228 - httpx - INFO - HTTP Request: POST https://api.telegram.org/bot7695524046:AAEkX4aV2-Wkb-5cC5JGsqBZhZHoWirOJVI/editMessageText "HTTP/1.1 200 OK"
2025-06-30 00:06:46,311 - httpx - INFO - HTTP Request: POST https://api.telegram.org/bot7695524046:AAEkX4aV2-Wkb-5cC5JGsqBZhZHoWirOJVI/getUpdates "HTTP/1.1 200 OK"
2025-06-30 00:06:56,452 - httpx - INFO - HTTP Request: POST https://api.telegram.org/bot7695524046:AAEkX4aV2-Wkb-5cC5JGsqBZhZHoWirOJVI/getUpdates "HTTP/1.1 200 OK"
2025-06-30 00:07:06,593 - httpx - INFO - HTTP Request: POST https://api.telegram.org/bot7695524046:AAEkX4aV2-Wkb-5cC5JGsqBZhZHoWirOJVI/getUpdates "HTTP/1.1 200 OK"
2025-06-30 00:07:16,735 - httpx - INFO - HTTP Request: POST https://api.telegram.org/bot7695524046:AAEkX4aV2-Wkb-5cC5JGsqBZhZHoWirOJVI/getUpdates "HTTP/1.1 200 OK"
2025-06-30 00:07:26,876 - httpx - INFO - HTTP Request: POST https://api.telegram.org/bot7695524046:AAEkX4aV2-Wkb-5cC5JGsqBZhZHoWirOJVI/getUpdates "HTTP/1.1 200 OK"
2025-06-30 00:07:37,016 - httpx - INFO - HTTP Request: POST https://api.telegram.org/bot7695524046:AAEkX4aV2-Wkb-5cC5JGsqBZhZHoWirOJVI/getUpdates "HTTP/1.1 200 OK"
2025-06-30 00:07:47,157 - httpx - INFO - HTTP Request: POST https://api.telegram.org/bot7695524046:AAEkX4aV2-Wkb-5cC5JGsqBZhZHoWirOJVI/getUpdates "HTTP/1.1 200 OK"
2025-06-30 00:07:57,298 - httpx - INFO - HTTP Request: POST https://api.telegram.org/bot7695524046:AAEkX4aV2-Wkb-5cC5JGsqBZhZHoWirOJVI/getUpdates "HTTP/1.1 200 OK"
2025-06-30 00:08:07,439 - httpx - INFO - HTTP Request: POST https://api.telegram.org/bot7695524046:AAEkX4aV2-Wkb-5cC5JGsqBZhZHoWirOJVI/getUpdates "HTTP/1.1 200 OK"
2025-06-30 00:08:17,580 - httpx - INFO - HTTP Request: POST https://api.telegram.org/bot7695524046:AAEkX4aV2-Wkb-5cC5JGsqBZhZHoWirOJVI/getUpdates "HTTP/1.1 200 OK"
2025-06-30 00:08:27,723 - httpx - INFO - HTTP Request: POST https://api.telegram.org/bot7695524046:AAEkX4aV2-Wkb-5cC5JGsqBZhZHoWirOJVI/getUpdates "HTTP/1.1 200 OK"
2025-06-30 00:08:37,865 - httpx - INFO - HTTP Request: POST https://api.telegram.org/bot7695524046:AAEkX4aV2-Wkb-5cC5JGsqBZhZHoWirOJVI/getUpdates "HTTP/1.1 200 OK"
2025-06-30 00:08:39,167 - httpx - INFO - HTTP Request: POST https://api.telegram.org/bot7695524046:AAEkX4aV2-Wkb-5cC5JGsqBZhZHoWirOJVI/getUpdates "HTTP/1.1 200 OK"
2025-06-30 00:08:39,770 - httpx - INFO - HTTP Request: POST https://api.telegram.org/bot7695524046:AAEkX4aV2-Wkb-5cC5JGsqBZhZHoWirOJVI/sendMessage "HTTP/1.1 200 OK"
2025-06-30 00:08:46,382 - __main__ - INFO - Starting Telegram Music Bot...
2025-06-30 00:08:46,848 - httpx - INFO - HTTP Request: POST https://api.telegram.org/bot7695524046:AAEkX4aV2-Wkb-5cC5JGsqBZhZHoWirOJVI/getMe "HTTP/1.1 200 OK"
2025-06-30 00:08:46,990 - httpx - INFO - HTTP Request: POST https://api.telegram.org/bot7695524046:AAEkX4aV2-Wkb-5cC5JGsqBZhZHoWirOJVI/deleteWebhook "HTTP/1.1 200 OK"
2025-06-30 00:08:46,992 - telegram.ext.Application - INFO - Application started
2025-06-30 00:08:57,415 - httpx - INFO - HTTP Request: POST https://api.telegram.org/bot7695524046:AAEkX4aV2-Wkb-5cC5JGsqBZhZHoWirOJVI/getUpdates "HTTP/1.1 200 OK"
2025-06-30 00:09:07,557 - httpx - INFO - HTTP Request: POST https://api.telegram.org/bot7695524046:AAEkX4aV2-Wkb-5cC5JGsqBZhZHoWirOJVI/getUpdates "HTTP/1.1 200 OK"
2025-06-30 00:09:17,699 - httpx - INFO - HTTP Request: POST https://api.telegram.org/bot7695524046:AAEkX4aV2-Wkb-5cC5JGsqBZhZHoWirOJVI/getUpdates "HTTP/1.1 200 OK"
2025-06-30 00:09:27,840 - httpx - INFO - HTTP Request: POST https://api.telegram.org/bot7695524046:AAEkX4aV2-Wkb-5cC5JGsqBZhZHoWirOJVI/getUpdates "HTTP/1.1 200 OK"
2025-06-30 00:09:37,983 - httpx - INFO - HTTP Request: POST https://api.telegram.org/bot7695524046:AAEkX4aV2-Wkb-5cC5JGsqBZhZHoWirOJVI/getUpdates "HTTP/1.1 200 OK"
2025-06-30 00:09:48,124 - httpx - INFO - HTTP Request: POST https://api.telegram.org/bot7695524046:AAEkX4aV2-Wkb-5cC5JGsqBZhZHoWirOJVI/getUpdates "HTTP/1.1 200 OK"
2025-06-30 00:09:58,266 - httpx - INFO - HTTP Request: POST https://api.telegram.org/bot7695524046:AAEkX4aV2-Wkb-5cC5JGsqBZhZHoWirOJVI/getUpdates "HTTP/1.1 200 OK"
2025-06-30 00:10:08,409 - httpx - INFO - HTTP Request: POST https://api.telegram.org/bot7695524046:AAEkX4aV2-Wkb-5cC5JGsqBZhZHoWirOJVI/getUpdates "HTTP/1.1 200 OK"
2025-06-30 00:10:16,685 - httpx - INFO - HTTP Request: POST https://api.telegram.org/bot7695524046:AAEkX4aV2-Wkb-5cC5JGsqBZhZHoWirOJVI/getUpdates "HTTP/1.1 200 OK"
2025-06-30 00:10:17,294 - httpx - INFO - HTTP Request: POST https://api.telegram.org/bot7695524046:AAEkX4aV2-Wkb-5cC5JGsqBZhZHoWirOJVI/sendMessage "HTTP/1.1 200 OK"
2025-06-30 00:10:21,839 - bot.youtube_service - INFO - Found 1 videos for query: pasoori
2025-06-30 00:10:22,159 - httpx - INFO - HTTP Request: POST https://api.telegram.org/bot7695524046:AAEkX4aV2-Wkb-5cC5JGsqBZhZHoWirOJVI/editMessageText "HTTP/1.1 200 OK"
2025-06-30 00:10:26,003 - bot.youtube_service - ERROR - Error in sync download: [0;31mERROR:[0m Postprocessing: ffprobe and ffmpeg not found. Please install or provide the path using --ffmpeg-location
2025-06-30 00:10:26,317 - httpx - INFO - HTTP Request: POST https://api.telegram.org/bot7695524046:AAEkX4aV2-Wkb-5cC5JGsqBZhZHoWirOJVI/editMessageText "HTTP/1.1 200 OK"
2025-06-30 00:10:26,828 - httpx - INFO - HTTP Request: POST https://api.telegram.org/bot7695524046:AAEkX4aV2-Wkb-5cC5JGsqBZhZHoWirOJVI/getUpdates "HTTP/1.1 200 OK"
2025-06-30 00:10:36,970 - httpx - INFO - HTTP Request: POST https://api.telegram.org/bot7695524046:AAEkX4aV2-Wkb-5cC5JGsqBZhZHoWirOJVI/getUpdates "HTTP/1.1 200 OK"
2025-06-30 00:10:47,111 - httpx - INFO - HTTP Request: POST https://api.telegram.org/bot7695524046:AAEkX4aV2-Wkb-5cC5JGsqBZhZHoWirOJVI/getUpdates "HTTP/1.1 200 OK"
2025-06-30 00:10:57,253 - httpx - INFO - HTTP Request: POST https://api.telegram.org/bot7695524046:AAEkX4aV2-Wkb-5cC5JGsqBZhZHoWirOJVI/getUpdates "HTTP/1.1 200 OK"
2025-06-30 00:11:07,395 - httpx - INFO - HTTP Request: POST https://api.telegram.org/bot7695524046:AAEkX4aV2-Wkb-5cC5JGsqBZhZHoWirOJVI/getUpdates "HTTP/1.1 200 OK"
2025-06-30 00:11:17,540 - httpx - INFO - HTTP Request: POST https://api.telegram.org/bot7695524046:AAEkX4aV2-Wkb-5cC5JGsqBZhZHoWirOJVI/getUpdates "HTTP/1.1 200 OK"
2025-06-30 00:11:24,465 - httpx - INFO - HTTP Request: POST https://api.telegram.org/bot7695524046:AAEkX4aV2-Wkb-5cC5JGsqBZhZHoWirOJVI/getUpdates "HTTP/1.1 200 OK"
2025-06-30 00:11:24,466 - telegram.ext.Application - INFO - Application is stopping. This might take a moment.
2025-06-30 00:11:24,466 - telegram.ext.Application - INFO - Application.stop() complete
2025-06-30 00:11:27,605 - __main__ - INFO - Starting Telegram Music Bot...
2025-06-30 00:11:28,048 - httpx - INFO - HTTP Request: POST https://api.telegram.org/bot7695524046:AAEkX4aV2-Wkb-5cC5JGsqBZhZHoWirOJVI/getMe "HTTP/1.1 200 OK"
2025-06-30 00:11:28,192 - httpx - INFO - HTTP Request: POST https://api.telegram.org/bot7695524046:AAEkX4aV2-Wkb-5cC5JGsqBZhZHoWirOJVI/deleteWebhook "HTTP/1.1 200 OK"
2025-06-30 00:11:28,193 - telegram.ext.Application - INFO - Application started
2025-06-30 00:11:38,668 - httpx - INFO - HTTP Request: POST https://api.telegram.org/bot7695524046:AAEkX4aV2-Wkb-5cC5JGsqBZhZHoWirOJVI/getUpdates "HTTP/1.1 200 OK"
2025-06-30 00:11:48,809 - httpx - INFO - HTTP Request: POST https://api.telegram.org/bot7695524046:AAEkX4aV2-Wkb-5cC5JGsqBZhZHoWirOJVI/getUpdates "HTTP/1.1 200 OK"
2025-06-30 00:11:58,952 - httpx - INFO - HTTP Request: POST https://api.telegram.org/bot7695524046:AAEkX4aV2-Wkb-5cC5JGsqBZhZHoWirOJVI/getUpdates "HTTP/1.1 200 OK"
2025-06-30 00:12:09,094 - httpx - INFO - HTTP Request: POST https://api.telegram.org/bot7695524046:AAEkX4aV2-Wkb-5cC5JGsqBZhZHoWirOJVI/getUpdates "HTTP/1.1 200 OK"
2025-06-30 00:12:19,237 - httpx - INFO - HTTP Request: POST https://api.telegram.org/bot7695524046:AAEkX4aV2-Wkb-5cC5JGsqBZhZHoWirOJVI/getUpdates "HTTP/1.1 200 OK"
2025-06-30 00:12:29,379 - httpx - INFO - HTTP Request: POST https://api.telegram.org/bot7695524046:AAEkX4aV2-Wkb-5cC5JGsqBZhZHoWirOJVI/getUpdates "HTTP/1.1 200 OK"
2025-06-30 00:12:39,521 - httpx - INFO - HTTP Request: POST https://api.telegram.org/bot7695524046:AAEkX4aV2-Wkb-5cC5JGsqBZhZHoWirOJVI/getUpdates "HTTP/1.1 200 OK"
2025-06-30 00:12:47,978 - httpx - INFO - HTTP Request: POST https://api.telegram.org/bot7695524046:AAEkX4aV2-Wkb-5cC5JGsqBZhZHoWirOJVI/getUpdates "HTTP/1.1 200 OK"
2025-06-30 00:12:48,582 - httpx - INFO - HTTP Request: POST https://api.telegram.org/bot7695524046:AAEkX4aV2-Wkb-5cC5JGsqBZhZHoWirOJVI/sendMessage "HTTP/1.1 200 OK"
2025-06-30 00:12:53,315 - bot.youtube_service - INFO - Found 1 videos for query: pasoori
2025-06-30 00:12:53,635 - httpx - INFO - HTTP Request: POST https://api.telegram.org/bot7695524046:AAEkX4aV2-Wkb-5cC5JGsqBZhZHoWirOJVI/editMessageText "HTTP/1.1 200 OK"
2025-06-30 00:12:57,387 - bot.youtube_service - INFO - Downloaded audio: ./temp/5Eqb_-j3FDA.webm
2025-06-30 00:12:57,709 - httpx - INFO - HTTP Request: POST https://api.telegram.org/bot7695524046:AAEkX4aV2-Wkb-5cC5JGsqBZhZHoWirOJVI/editMessageText "HTTP/1.1 200 OK"
2025-06-30 00:12:58,121 - httpx - INFO - HTTP Request: POST https://api.telegram.org/bot7695524046:AAEkX4aV2-Wkb-5cC5JGsqBZhZHoWirOJVI/getUpdates "HTTP/1.1 200 OK"
2025-06-30 00:13:01,067 - httpx - INFO - HTTP Request: POST https://api.telegram.org/bot7695524046:AAEkX4aV2-Wkb-5cC5JGsqBZhZHoWirOJVI/sendAudio "HTTP/1.1 200 OK"
2025-06-30 00:13:01,388 - httpx - INFO - HTTP Request: POST https://api.telegram.org/bot7695524046:AAEkX4aV2-Wkb-5cC5JGsqBZhZHoWirOJVI/editMessageText "HTTP/1.1 200 OK"
2025-06-30 00:13:08,265 - httpx - INFO - HTTP Request: POST https://api.telegram.org/bot7695524046:AAEkX4aV2-Wkb-5cC5JGsqBZhZHoWirOJVI/getUpdates "HTTP/1.1 200 OK"
2025-06-30 00:13:18,407 - httpx - INFO - HTTP Request: POST https://api.telegram.org/bot7695524046:AAEkX4aV2-Wkb-5cC5JGsqBZhZHoWirOJVI/getUpdates "HTTP/1.1 200 OK"
2025-06-30 00:13:28,550 - httpx - INFO - HTTP Request: POST https://api.telegram.org/bot7695524046:AAEkX4aV2-Wkb-5cC5JGsqBZhZHoWirOJVI/getUpdates "HTTP/1.1 200 OK"
2025-06-30 00:13:38,692 - httpx - INFO - HTTP Request: POST https://api.telegram.org/bot7695524046:AAEkX4aV2-Wkb-5cC5JGsqBZhZHoWirOJVI/getUpdates "HTTP/1.1 200 OK"
2025-06-30 00:13:48,834 - httpx - INFO - HTTP Request: POST https://api.telegram.org/bot7695524046:AAEkX4aV2-Wkb-5cC5JGsqBZhZHoWirOJVI/getUpdates "HTTP/1.1 200 OK"
2025-06-30 00:13:58,977 - httpx - INFO - HTTP Request: POST https://api.telegram.org/bot7695524046:AAEkX4aV2-Wkb-5cC5JGsqBZhZHoWirOJVI/getUpdates "HTTP/1.1 200 OK"
2025-06-30 00:14:09,120 - httpx - INFO - HTTP Request: POST https://api.telegram.org/bot7695524046:AAEkX4aV2-Wkb-5cC5JGsqBZhZHoWirOJVI/getUpdates "HTTP/1.1 200 OK"
2025-06-30 00:14:19,263 - httpx - INFO - HTTP Request: POST https://api.telegram.org/bot7695524046:AAEkX4aV2-Wkb-5cC5JGsqBZhZHoWirOJVI/getUpdates "HTTP/1.1 200 OK"
2025-06-30 00:14:29,405 - httpx - INFO - HTTP Request: POST https://api.telegram.org/bot7695524046:AAEkX4aV2-Wkb-5cC5JGsqBZhZHoWirOJVI/getUpdates "HTTP/1.1 200 OK"
2025-06-30 00:14:35,589 - httpx - INFO - HTTP Request: POST https://api.telegram.org/bot7695524046:AAEkX4aV2-Wkb-5cC5JGsqBZhZHoWirOJVI/getUpdates "HTTP/1.1 200 OK"
2025-06-30 00:14:36,192 - httpx - INFO - HTTP Request: POST https://api.telegram.org/bot7695524046:AAEkX4aV2-Wkb-5cC5JGsqBZhZHoWirOJVI/sendMessage "HTTP/1.1 200 OK"
2025-06-30 00:14:40,280 - bot.youtube_service - INFO - Found 1 videos for query: levels
2025-06-30 00:14:40,598 - httpx - INFO - HTTP Request: POST https://api.telegram.org/bot7695524046:AAEkX4aV2-Wkb-5cC5JGsqBZhZHoWirOJVI/editMessageText "HTTP/1.1 200 OK"
2025-06-30 00:14:45,733 - httpx - INFO - HTTP Request: POST https://api.telegram.org/bot7695524046:AAEkX4aV2-Wkb-5cC5JGsqBZhZHoWirOJVI/getUpdates "HTTP/1.1 200 OK"
2025-06-30 00:14:55,876 - httpx - INFO - HTTP Request: POST https://api.telegram.org/bot7695524046:AAEkX4aV2-Wkb-5cC5JGsqBZhZHoWirOJVI/getUpdates "HTTP/1.1 200 OK"
2025-06-30 00:15:06,018 - httpx - INFO - HTTP Request: POST https://api.telegram.org/bot7695524046:AAEkX4aV2-Wkb-5cC5JGsqBZhZHoWirOJVI/getUpdates "HTTP/1.1 200 OK"
2025-06-30 00:15:16,161 - httpx - INFO - HTTP Request: POST https://api.telegram.org/bot7695524046:AAEkX4aV2-Wkb-5cC5JGsqBZhZHoWirOJVI/getUpdates "HTTP/1.1 200 OK"
2025-06-30 00:15:26,304 - httpx - INFO - HTTP Request: POST https://api.telegram.org/bot7695524046:AAEkX4aV2-Wkb-5cC5JGsqBZhZHoWirOJVI/getUpdates "HTTP/1.1 200 OK"
2025-06-30 00:15:31,417 - httpx - INFO - HTTP Request: POST https://api.telegram.org/bot7695524046:AAEkX4aV2-Wkb-5cC5JGsqBZhZHoWirOJVI/getUpdates "HTTP/1.1 200 OK"
2025-06-30 00:15:32,020 - httpx - INFO - HTTP Request: POST https://api.telegram.org/bot7695524046:AAEkX4aV2-Wkb-5cC5JGsqBZhZHoWirOJVI/sendMessage "HTTP/1.1 200 OK"
2025-06-30 00:15:35,998 - bot.youtube_service - INFO - Found 1 videos for query: levels
2025-06-30 00:15:36,317 - httpx - INFO - HTTP Request: POST https://api.telegram.org/bot7695524046:AAEkX4aV2-Wkb-5cC5JGsqBZhZHoWirOJVI/editMessageText "HTTP/1.1 200 OK"
2025-06-30 00:15:41,560 - httpx - INFO - HTTP Request: POST https://api.telegram.org/bot7695524046:AAEkX4aV2-Wkb-5cC5JGsqBZhZHoWirOJVI/getUpdates "HTTP/1.1 200 OK"
2025-06-30 00:15:51,705 - httpx - INFO - HTTP Request: POST https://api.telegram.org/bot7695524046:AAEkX4aV2-Wkb-5cC5JGsqBZhZHoWirOJVI/getUpdates "HTTP/1.1 200 OK"
2025-06-30 00:16:01,848 - httpx - INFO - HTTP Request: POST https://api.telegram.org/bot7695524046:AAEkX4aV2-Wkb-5cC5JGsqBZhZHoWirOJVI/getUpdates "HTTP/1.1 200 OK"
2025-06-30 00:16:11,991 - httpx - INFO - HTTP Request: POST https://api.telegram.org/bot7695524046:AAEkX4aV2-Wkb-5cC5JGsqBZhZHoWirOJVI/getUpdates "HTTP/1.1 200 OK"
2025-06-30 00:16:22,133 - httpx - INFO - HTTP Request: POST https://api.telegram.org/bot7695524046:AAEkX4aV2-Wkb-5cC5JGsqBZhZHoWirOJVI/getUpdates "HTTP/1.1 200 OK"
2025-06-30 00:16:32,275 - httpx - INFO - HTTP Request: POST https://api.telegram.org/bot7695524046:AAEkX4aV2-Wkb-5cC5JGsqBZhZHoWirOJVI/getUpdates "HTTP/1.1 200 OK"
2025-06-30 00:16:42,417 - httpx - INFO - HTTP Request: POST https://api.telegram.org/bot7695524046:AAEkX4aV2-Wkb-5cC5JGsqBZhZHoWirOJVI/getUpdates "HTTP/1.1 200 OK"
2025-06-30 00:16:52,559 - httpx - INFO - HTTP Request: POST https://api.telegram.org/bot7695524046:AAEkX4aV2-Wkb-5cC5JGsqBZhZHoWirOJVI/getUpdates "HTTP/1.1 200 OK"
2025-06-30 00:17:02,701 - httpx - INFO - HTTP Request: POST https://api.telegram.org/bot7695524046:AAEkX4aV2-Wkb-5cC5JGsqBZhZHoWirOJVI/getUpdates "HTTP/1.1 200 OK"
2025-06-30 00:17:12,842 - httpx - INFO - HTTP Request: POST https://api.telegram.org/bot7695524046:AAEkX4aV2-Wkb-5cC5JGsqBZhZHoWirOJVI/getUpdates "HTTP/1.1 200 OK"
2025-06-30 00:17:22,986 - httpx - INFO - HTTP Request: POST https://api.telegram.org/bot7695524046:AAEkX4aV2-Wkb-5cC5JGsqBZhZHoWirOJVI/getUpdates "HTTP/1.1 200 OK"
2025-06-30 00:17:33,128 - httpx - INFO - HTTP Request: POST https://api.telegram.org/bot7695524046:AAEkX4aV2-Wkb-5cC5JGsqBZhZHoWirOJVI/getUpdates "HTTP/1.1 200 OK"
2025-06-30 00:17:43,270 - httpx - INFO - HTTP Request: POST https://api.telegram.org/bot7695524046:AAEkX4aV2-Wkb-5cC5JGsqBZhZHoWirOJVI/getUpdates "HTTP/1.1 200 OK"
2025-06-30 00:17:53,413 - httpx - INFO - HTTP Request: POST https://api.telegram.org/bot7695524046:AAEkX4aV2-Wkb-5cC5JGsqBZhZHoWirOJVI/getUpdates "HTTP/1.1 200 OK"
2025-06-30 00:18:03,556 - httpx - INFO - HTTP Request: POST https://api.telegram.org/bot7695524046:AAEkX4aV2-Wkb-5cC5JGsqBZhZHoWirOJVI/getUpdates "HTTP/1.1 200 OK"
2025-06-30 00:18:13,699 - httpx - INFO - HTTP Request: POST https://api.telegram.org/bot7695524046:AAEkX4aV2-Wkb-5cC5JGsqBZhZHoWirOJVI/getUpdates "HTTP/1.1 200 OK"
2025-06-30 00:18:23,842 - httpx - INFO - HTTP Request: POST https://api.telegram.org/bot7695524046:AAEkX4aV2-Wkb-5cC5JGsqBZhZHoWirOJVI/getUpdates "HTTP/1.1 200 OK"
2025-06-30 00:18:33,985 - httpx - INFO - HTTP Request: POST https://api.telegram.org/bot7695524046:AAEkX4aV2-Wkb-5cC5JGsqBZhZHoWirOJVI/getUpdates "HTTP/1.1 200 OK"
2025-06-30 00:18:44,126 - httpx - INFO - HTTP Request: POST https://api.telegram.org/bot7695524046:AAEkX4aV2-Wkb-5cC5JGsqBZhZHoWirOJVI/getUpdates "HTTP/1.1 200 OK"
2025-06-30 00:18:54,270 - httpx - INFO - HTTP Request: POST https://api.telegram.org/bot7695524046:AAEkX4aV2-Wkb-5cC5JGsqBZhZHoWirOJVI/getUpdates "HTTP/1.1 200 OK"
2025-06-30 00:19:04,412 - httpx - INFO - HTTP Request: POST https://api.telegram.org/bot7695524046:AAEkX4aV2-Wkb-5cC5JGsqBZhZHoWirOJVI/getUpdates "HTTP/1.1 200 OK"
2025-06-30 00:19:14,554 - httpx - INFO - HTTP Request: POST https://api.telegram.org/bot7695524046:AAEkX4aV2-Wkb-5cC5JGsqBZhZHoWirOJVI/getUpdates "HTTP/1.1 200 OK"
2025-06-30 00:19:24,696 - httpx - INFO - HTTP Request: POST https://api.telegram.org/bot7695524046:AAEkX4aV2-Wkb-5cC5JGsqBZhZHoWirOJVI/getUpdates "HTTP/1.1 200 OK"
2025-06-30 00:19:34,838 - httpx - INFO - HTTP Request: POST https://api.telegram.org/bot7695524046:AAEkX4aV2-Wkb-5cC5JGsqBZhZHoWirOJVI/getUpdates "HTTP/1.1 200 OK"
2025-06-30 00:19:39,676 - httpx - INFO - HTTP Request: POST https://api.telegram.org/bot7695524046:AAEkX4aV2-Wkb-5cC5JGsqBZhZHoWirOJVI/getUpdates "HTTP/1.1 200 OK"
2025-06-30 00:19:39,677 - telegram.ext.Application - INFO - Application is stopping. This might take a moment.
2025-06-30 00:19:39,677 - telegram.ext.Application - INFO - Application.stop() complete
2025-06-30 00:19:40,913 - __main__ - INFO - Starting Telegram Music Bot...
2025-06-30 00:19:41,351 - httpx - INFO - HTTP Request: POST https://api.telegram.org/bot7695524046:AAEkX4aV2-Wkb-5cC5JGsqBZhZHoWirOJVI/getMe "HTTP/1.1 200 OK"
2025-06-30 00:19:41,499 - httpx - INFO - HTTP Request: POST https://api.telegram.org/bot7695524046:AAEkX4aV2-Wkb-5cC5JGsqBZhZHoWirOJVI/deleteWebhook "HTTP/1.1 200 OK"
2025-06-30 00:19:41,506 - telegram.ext.Application - INFO - Application started
2025-06-30 00:19:41,875 - __main__ - INFO - Starting Telegram Music Bot...
2025-06-30 00:19:42,313 - httpx - INFO - HTTP Request: POST https://api.telegram.org/bot7695524046:AAEkX4aV2-Wkb-5cC5JGsqBZhZHoWirOJVI/getMe "HTTP/1.1 200 OK"
2025-06-30 00:19:42,454 - httpx - INFO - HTTP Request: POST https://api.telegram.org/bot7695524046:AAEkX4aV2-Wkb-5cC5JGsqBZhZHoWirOJVI/deleteWebhook "HTTP/1.1 200 OK"
2025-06-30 00:19:42,462 - telegram.ext.Application - INFO - Application started
2025-06-30 00:19:45,891 - httpx - INFO - HTTP Request: POST https://api.telegram.org/bot7695524046:AAEkX4aV2-Wkb-5cC5JGsqBZhZHoWirOJVI/getUpdates "HTTP/1.1 409 Conflict"
2025-06-30 00:19:45,892 - bot.handlers - ERROR - Update None caused error Conflict: terminated by other getUpdates request; make sure that only one bot instance is running
2025-06-30 00:19:47,037 - httpx - INFO - HTTP Request: POST https://api.telegram.org/bot7695524046:AAEkX4aV2-Wkb-5cC5JGsqBZhZHoWirOJVI/getUpdates "HTTP/1.1 409 Conflict"
2025-06-30 00:19:47,038 - bot.handlers - ERROR - Update None caused error Conflict: terminated by other getUpdates request; make sure that only one bot instance is running
2025-06-30 00:19:51,182 - httpx - INFO - HTTP Request: POST https://api.telegram.org/bot7695524046:AAEkX4aV2-Wkb-5cC5JGsqBZhZHoWirOJVI/getUpdates "HTTP/1.1 409 Conflict"
2025-06-30 00:19:51,183 - bot.handlers - ERROR - Update None caused error Conflict: terminated by other getUpdates request; make sure that only one bot instance is running
2025-06-30 00:19:52,826 - httpx - INFO - HTTP Request: POST https://api.telegram.org/bot7695524046:AAEkX4aV2-Wkb-5cC5JGsqBZhZHoWirOJVI/getUpdates "HTTP/1.1 409 Conflict"
2025-06-30 00:19:52,827 - bot.handlers - ERROR - Update None caused error Conflict: terminated by other getUpdates request; make sure that only one bot instance is running
2025-06-30 00:19:57,214 - httpx - INFO - HTTP Request: POST https://api.telegram.org/bot7695524046:AAEkX4aV2-Wkb-5cC5JGsqBZhZHoWirOJVI/getUpdates "HTTP/1.1 409 Conflict"
2025-06-30 00:19:57,214 - bot.handlers - ERROR - Update None caused error Conflict: terminated by other getUpdates request; make sure that only one bot instance is running
2025-06-30 00:20:04,269 - httpx - INFO - HTTP Request: POST https://api.telegram.org/bot7695524046:AAEkX4aV2-Wkb-5cC5JGsqBZhZHoWirOJVI/getUpdates "HTTP/1.1 200 OK"
2025-06-30 00:20:04,270 - telegram.ext.Application - INFO - Application is stopping. This might take a moment.
2025-06-30 00:20:04,271 - telegram.ext.Application - INFO - Application.stop() complete
2025-06-30 00:20:05,774 - __main__ - INFO - Starting Telegram Music Bot...
2025-06-30 00:20:06,211 - httpx - INFO - HTTP Request: POST https://api.telegram.org/bot7695524046:AAEkX4aV2-Wkb-5cC5JGsqBZhZHoWirOJVI/getMe "HTTP/1.1 200 OK"
2025-06-30 00:20:06,354 - httpx - INFO - HTTP Request: POST https://api.telegram.org/bot7695524046:AAEkX4aV2-Wkb-5cC5JGsqBZhZHoWirOJVI/deleteWebhook "HTTP/1.1 200 OK"
2025-06-30 00:20:06,355 - telegram.ext.Application - INFO - Application started
2025-06-30 00:20:16,788 - httpx - INFO - HTTP Request: POST https://api.telegram.org/bot7695524046:AAEkX4aV2-Wkb-5cC5JGsqBZhZHoWirOJVI/getUpdates "HTTP/1.1 200 OK"
2025-06-30 00:20:26,931 - httpx - INFO - HTTP Request: POST https://api.telegram.org/bot7695524046:AAEkX4aV2-Wkb-5cC5JGsqBZhZHoWirOJVI/getUpdates "HTTP/1.1 200 OK"
2025-06-30 00:20:37,076 - httpx - INFO - HTTP Request: POST https://api.telegram.org/bot7695524046:AAEkX4aV2-Wkb-5cC5JGsqBZhZHoWirOJVI/getUpdates "HTTP/1.1 200 OK"
2025-06-30 00:20:42,861 - httpx - INFO - HTTP Request: POST https://api.telegram.org/bot7695524046:AAEkX4aV2-Wkb-5cC5JGsqBZhZHoWirOJVI/getUpdates "HTTP/1.1 200 OK"
2025-06-30 00:20:42,862 - telegram.ext.Application - INFO - Application is stopping. This might take a moment.
2025-06-30 00:20:42,862 - telegram.ext.Application - INFO - Application.stop() complete
2025-06-30 00:20:44,417 - __main__ - INFO - Starting Telegram Music Bot...
2025-06-30 00:20:44,857 - httpx - INFO - HTTP Request: POST https://api.telegram.org/bot7695524046:AAEkX4aV2-Wkb-5cC5JGsqBZhZHoWirOJVI/getMe "HTTP/1.1 200 OK"
2025-06-30 00:20:45,008 - httpx - INFO - HTTP Request: POST https://api.telegram.org/bot7695524046:AAEkX4aV2-Wkb-5cC5JGsqBZhZHoWirOJVI/deleteWebhook "HTTP/1.1 200 OK"
2025-06-30 00:20:45,009 - telegram.ext.Application - INFO - Application started
2025-06-30 00:20:55,433 - httpx - INFO - HTTP Request: POST https://api.telegram.org/bot7695524046:AAEkX4aV2-Wkb-5cC5JGsqBZhZHoWirOJVI/getUpdates "HTTP/1.1 200 OK"
2025-06-30 00:21:05,585 - httpx - INFO - HTTP Request: POST https://api.telegram.org/bot7695524046:AAEkX4aV2-Wkb-5cC5JGsqBZhZHoWirOJVI/getUpdates "HTTP/1.1 200 OK"
2025-06-30 00:21:15,726 - httpx - INFO - HTTP Request: POST https://api.telegram.org/bot7695524046:AAEkX4aV2-Wkb-5cC5JGsqBZhZHoWirOJVI/getUpdates "HTTP/1.1 200 OK"
2025-06-30 00:21:25,425 - httpx - INFO - HTTP Request: POST https://api.telegram.org/bot7695524046:AAEkX4aV2-Wkb-5cC5JGsqBZhZHoWirOJVI/getUpdates "HTTP/1.1 200 OK"
2025-06-30 00:21:26,033 - httpx - INFO - HTTP Request: POST https://api.telegram.org/bot7695524046:AAEkX4aV2-Wkb-5cC5JGsqBZhZHoWirOJVI/sendMessage "HTTP/1.1 200 OK"
2025-06-30 00:21:30,612 - bot.youtube_service - INFO - Found 1 videos for query: levels
2025-06-30 00:21:30,755 - httpx - INFO - HTTP Request: POST https://api.telegram.org/bot7695524046:AAEkX4aV2-Wkb-5cC5JGsqBZhZHoWirOJVI/editMessageText "HTTP/1.1 400 Bad Request"
2025-06-30 00:21:30,756 - bot.handlers - ERROR - Error in play handler: Can't parse entities: can't find end of the entity starting at byte offset 131
2025-06-30 00:21:31,073 - httpx - INFO - HTTP Request: POST https://api.telegram.org/bot7695524046:AAEkX4aV2-Wkb-5cC5JGsqBZhZHoWirOJVI/editMessageText "HTTP/1.1 200 OK"
2025-06-30 00:21:35,568 - httpx - INFO - HTTP Request: POST https://api.telegram.org/bot7695524046:AAEkX4aV2-Wkb-5cC5JGsqBZhZHoWirOJVI/getUpdates "HTTP/1.1 200 OK"
2025-06-30 00:21:45,711 - httpx - INFO - HTTP Request: POST https://api.telegram.org/bot7695524046:AAEkX4aV2-Wkb-5cC5JGsqBZhZHoWirOJVI/getUpdates "HTTP/1.1 200 OK"
2025-06-30 00:21:55,852 - httpx - INFO - HTTP Request: POST https://api.telegram.org/bot7695524046:AAEkX4aV2-Wkb-5cC5JGsqBZhZHoWirOJVI/getUpdates "HTTP/1.1 200 OK"
2025-06-30 00:22:05,993 - httpx - INFO - HTTP Request: POST https://api.telegram.org/bot7695524046:AAEkX4aV2-Wkb-5cC5JGsqBZhZHoWirOJVI/getUpdates "HTTP/1.1 200 OK"
2025-06-30 00:22:09,333 - httpx - INFO - HTTP Request: POST https://api.telegram.org/bot7695524046:AAEkX4aV2-Wkb-5cC5JGsqBZhZHoWirOJVI/getUpdates "HTTP/1.1 200 OK"
2025-06-30 00:22:09,936 - httpx - INFO - HTTP Request: POST https://api.telegram.org/bot7695524046:AAEkX4aV2-Wkb-5cC5JGsqBZhZHoWirOJVI/sendMessage "HTTP/1.1 200 OK"
2025-06-30 00:22:13,804 - bot.youtube_service - INFO - Found 1 videos for query: levels
2025-06-30 00:22:14,125 - httpx - INFO - HTTP Request: POST https://api.telegram.org/bot7695524046:AAEkX4aV2-Wkb-5cC5JGsqBZhZHoWirOJVI/editMessageText "HTTP/1.1 200 OK"
2025-06-30 00:22:19,475 - httpx - INFO - HTTP Request: POST https://api.telegram.org/bot7695524046:AAEkX4aV2-Wkb-5cC5JGsqBZhZHoWirOJVI/getUpdates "HTTP/1.1 200 OK"
2025-06-30 00:22:29,615 - httpx - INFO - HTTP Request: POST https://api.telegram.org/bot7695524046:AAEkX4aV2-Wkb-5cC5JGsqBZhZHoWirOJVI/getUpdates "HTTP/1.1 200 OK"
2025-06-30 00:22:39,757 - httpx - INFO - HTTP Request: POST https://api.telegram.org/bot7695524046:AAEkX4aV2-Wkb-5cC5JGsqBZhZHoWirOJVI/getUpdates "HTTP/1.1 200 OK"
2025-06-30 00:22:49,901 - httpx - INFO - HTTP Request: POST https://api.telegram.org/bot7695524046:AAEkX4aV2-Wkb-5cC5JGsqBZhZHoWirOJVI/getUpdates "HTTP/1.1 200 OK"
2025-06-30 00:23:00,047 - httpx - INFO - HTTP Request: POST https://api.telegram.org/bot7695524046:AAEkX4aV2-Wkb-5cC5JGsqBZhZHoWirOJVI/getUpdates "HTTP/1.1 200 OK"
2025-06-30 00:23:10,188 - httpx - INFO - HTTP Request: POST https://api.telegram.org/bot7695524046:AAEkX4aV2-Wkb-5cC5JGsqBZhZHoWirOJVI/getUpdates "HTTP/1.1 200 OK"
2025-06-30 00:23:20,332 - httpx - INFO - HTTP Request: POST https://api.telegram.org/bot7695524046:AAEkX4aV2-Wkb-5cC5JGsqBZhZHoWirOJVI/getUpdates "HTTP/1.1 200 OK"
2025-06-30 00:23:30,286 - httpx - INFO - HTTP Request: POST https://api.telegram.org/bot7695524046:AAEkX4aV2-Wkb-5cC5JGsqBZhZHoWirOJVI/getUpdates "HTTP/1.1 200 OK"
2025-06-30 00:23:30,884 - httpx - INFO - HTTP Request: POST https://api.telegram.org/bot7695524046:AAEkX4aV2-Wkb-5cC5JGsqBZhZHoWirOJVI/sendMessage "HTTP/1.1 200 OK"
2025-06-30 00:23:35,005 - bot.youtube_service - INFO - Found 1 videos for query: levels
2025-06-30 00:23:35,331 - httpx - INFO - HTTP Request: POST https://api.telegram.org/bot7695524046:AAEkX4aV2-Wkb-5cC5JGsqBZhZHoWirOJVI/editMessageText "HTTP/1.1 200 OK"
2025-06-30 00:23:40,434 - httpx - INFO - HTTP Request: POST https://api.telegram.org/bot7695524046:AAEkX4aV2-Wkb-5cC5JGsqBZhZHoWirOJVI/getUpdates "HTTP/1.1 200 OK"
2025-06-30 00:23:50,576 - httpx - INFO - HTTP Request: POST https://api.telegram.org/bot7695524046:AAEkX4aV2-Wkb-5cC5JGsqBZhZHoWirOJVI/getUpdates "HTTP/1.1 200 OK"
2025-06-30 00:23:54,818 - httpx - INFO - HTTP Request: POST https://api.telegram.org/bot7695524046:AAEkX4aV2-Wkb-5cC5JGsqBZhZHoWirOJVI/getUpdates "HTTP/1.1 200 OK"
2025-06-30 00:23:55,423 - httpx - INFO - HTTP Request: POST https://api.telegram.org/bot7695524046:AAEkX4aV2-Wkb-5cC5JGsqBZhZHoWirOJVI/sendMessage "HTTP/1.1 200 OK"
2025-06-30 00:24:00,474 - bot.youtube_service - INFO - Found 1 videos for query: pasoori
2025-06-30 00:24:00,900 - httpx - INFO - HTTP Request: POST https://api.telegram.org/bot7695524046:AAEkX4aV2-Wkb-5cC5JGsqBZhZHoWirOJVI/editMessageText "HTTP/1.1 400 Bad Request"
2025-06-30 00:24:00,900 - bot.handlers - ERROR - Error in play handler: Can't parse entities: can't find end of the entity starting at byte offset 177
2025-06-30 00:24:01,217 - httpx - INFO - HTTP Request: POST https://api.telegram.org/bot7695524046:AAEkX4aV2-Wkb-5cC5JGsqBZhZHoWirOJVI/editMessageText "HTTP/1.1 200 OK"
2025-06-30 00:24:04,961 - httpx - INFO - HTTP Request: POST https://api.telegram.org/bot7695524046:AAEkX4aV2-Wkb-5cC5JGsqBZhZHoWirOJVI/getUpdates "HTTP/1.1 200 OK"
2025-06-30 00:24:15,106 - httpx - INFO - HTTP Request: POST https://api.telegram.org/bot7695524046:AAEkX4aV2-Wkb-5cC5JGsqBZhZHoWirOJVI/getUpdates "HTTP/1.1 200 OK"
2025-06-30 00:24:25,248 - httpx - INFO - HTTP Request: POST https://api.telegram.org/bot7695524046:AAEkX4aV2-Wkb-5cC5JGsqBZhZHoWirOJVI/getUpdates "HTTP/1.1 200 OK"
2025-06-30 00:24:35,390 - httpx - INFO - HTTP Request: POST https://api.telegram.org/bot7695524046:AAEkX4aV2-Wkb-5cC5JGsqBZhZHoWirOJVI/getUpdates "HTTP/1.1 200 OK"
2025-06-30 00:24:45,531 - httpx - INFO - HTTP Request: POST https://api.telegram.org/bot7695524046:AAEkX4aV2-Wkb-5cC5JGsqBZhZHoWirOJVI/getUpdates "HTTP/1.1 200 OK"
2025-06-30 00:24:55,672 - httpx - INFO - HTTP Request: POST https://api.telegram.org/bot7695524046:AAEkX4aV2-Wkb-5cC5JGsqBZhZHoWirOJVI/getUpdates "HTTP/1.1 200 OK"
2025-06-30 00:25:05,813 - httpx - INFO - HTTP Request: POST https://api.telegram.org/bot7695524046:AAEkX4aV2-Wkb-5cC5JGsqBZhZHoWirOJVI/getUpdates "HTTP/1.1 200 OK"
2025-06-30 00:25:15,954 - httpx - INFO - HTTP Request: POST https://api.telegram.org/bot7695524046:AAEkX4aV2-Wkb-5cC5JGsqBZhZHoWirOJVI/getUpdates "HTTP/1.1 200 OK"
2025-06-30 00:25:26,097 - httpx - INFO - HTTP Request: POST https://api.telegram.org/bot7695524046:AAEkX4aV2-Wkb-5cC5JGsqBZhZHoWirOJVI/getUpdates "HTTP/1.1 200 OK"
2025-06-30 00:25:36,239 - httpx - INFO - HTTP Request: POST https://api.telegram.org/bot7695524046:AAEkX4aV2-Wkb-5cC5JGsqBZhZHoWirOJVI/getUpdates "HTTP/1.1 200 OK"
2025-06-30 00:25:46,381 - httpx - INFO - HTTP Request: POST https://api.telegram.org/bot7695524046:AAEkX4aV2-Wkb-5cC5JGsqBZhZHoWirOJVI/getUpdates "HTTP/1.1 200 OK"
2025-06-30 00:25:56,523 - httpx - INFO - HTTP Request: POST https://api.telegram.org/bot7695524046:AAEkX4aV2-Wkb-5cC5JGsqBZhZHoWirOJVI/getUpdates "HTTP/1.1 200 OK"
2025-06-30 00:26:06,663 - httpx - INFO - HTTP Request: POST https://api.telegram.org/bot7695524046:AAEkX4aV2-Wkb-5cC5JGsqBZhZHoWirOJVI/getUpdates "HTTP/1.1 200 OK"
2025-06-30 00:26:16,807 - httpx - INFO - HTTP Request: POST https://api.telegram.org/bot7695524046:AAEkX4aV2-Wkb-5cC5JGsqBZhZHoWirOJVI/getUpdates "HTTP/1.1 200 OK"
2025-06-30 00:26:26,959 - httpx - INFO - HTTP Request: POST https://api.telegram.org/bot7695524046:AAEkX4aV2-Wkb-5cC5JGsqBZhZHoWirOJVI/getUpdates "HTTP/1.1 200 OK"
2025-06-30 00:26:37,101 - httpx - INFO - HTTP Request: POST https://api.telegram.org/bot7695524046:AAEkX4aV2-Wkb-5cC5JGsqBZhZHoWirOJVI/getUpdates "HTTP/1.1 200 OK"
2025-06-30 00:26:47,241 - httpx - INFO - HTTP Request: POST https://api.telegram.org/bot7695524046:AAEkX4aV2-Wkb-5cC5JGsqBZhZHoWirOJVI/getUpdates "HTTP/1.1 200 OK"
2025-06-30 00:26:57,384 - httpx - INFO - HTTP Request: POST https://api.telegram.org/bot7695524046:AAEkX4aV2-Wkb-5cC5JGsqBZhZHoWirOJVI/getUpdates "HTTP/1.1 200 OK"
2025-06-30 00:27:07,530 - httpx - INFO - HTTP Request: POST https://api.telegram.org/bot7695524046:AAEkX4aV2-Wkb-5cC5JGsqBZhZHoWirOJVI/getUpdates "HTTP/1.1 200 OK"
2025-06-30 00:27:11,069 - httpx - INFO - HTTP Request: POST https://api.telegram.org/bot7695524046:AAEkX4aV2-Wkb-5cC5JGsqBZhZHoWirOJVI/getUpdates "HTTP/1.1 200 OK"
2025-06-30 00:27:11,668 - httpx - INFO - HTTP Request: POST https://api.telegram.org/bot7695524046:AAEkX4aV2-Wkb-5cC5JGsqBZhZHoWirOJVI/sendMessage "HTTP/1.1 200 OK"
2025-06-30 00:27:16,092 - bot.youtube_service - INFO - Found 1 videos for query: levels
2025-06-30 00:27:16,414 - httpx - INFO - HTTP Request: POST https://api.telegram.org/bot7695524046:AAEkX4aV2-Wkb-5cC5JGsqBZhZHoWirOJVI/editMessageText "HTTP/1.1 200 OK"
2025-06-30 00:27:21,211 - httpx - INFO - HTTP Request: POST https://api.telegram.org/bot7695524046:AAEkX4aV2-Wkb-5cC5JGsqBZhZHoWirOJVI/getUpdates "HTTP/1.1 200 OK"
2025-06-30 00:27:31,354 - httpx - INFO - HTTP Request: POST https://api.telegram.org/bot7695524046:AAEkX4aV2-Wkb-5cC5JGsqBZhZHoWirOJVI/getUpdates "HTTP/1.1 200 OK"
2025-06-30 00:27:41,497 - httpx - INFO - HTTP Request: POST https://api.telegram.org/bot7695524046:AAEkX4aV2-Wkb-5cC5JGsqBZhZHoWirOJVI/getUpdates "HTTP/1.1 200 OK"
2025-06-30 00:27:48,939 - httpx - INFO - HTTP Request: POST https://api.telegram.org/bot7695524046:AAEkX4aV2-Wkb-5cC5JGsqBZhZHoWirOJVI/getUpdates "HTTP/1.1 200 OK"
2025-06-30 00:27:49,548 - httpx - INFO - HTTP Request: POST https://api.telegram.org/bot7695524046:AAEkX4aV2-Wkb-5cC5JGsqBZhZHoWirOJVI/sendMessage "HTTP/1.1 200 OK"
2025-06-30 00:27:53,424 - bot.youtube_service - INFO - Found 1 videos for query: pasoori
2025-06-30 00:27:53,570 - httpx - INFO - HTTP Request: POST https://api.telegram.org/bot7695524046:AAEkX4aV2-Wkb-5cC5JGsqBZhZHoWirOJVI/editMessageText "HTTP/1.1 400 Bad Request"
2025-06-30 00:27:53,571 - bot.handlers - ERROR - Error in play handler: Can't parse entities: can't find end of the entity starting at byte offset 177
2025-06-30 00:27:53,888 - httpx - INFO - HTTP Request: POST https://api.telegram.org/bot7695524046:AAEkX4aV2-Wkb-5cC5JGsqBZhZHoWirOJVI/editMessageText "HTTP/1.1 200 OK"
2025-06-30 00:27:59,082 - httpx - INFO - HTTP Request: POST https://api.telegram.org/bot7695524046:AAEkX4aV2-Wkb-5cC5JGsqBZhZHoWirOJVI/getUpdates "HTTP/1.1 200 OK"
2025-06-30 00:28:09,224 - httpx - INFO - HTTP Request: POST https://api.telegram.org/bot7695524046:AAEkX4aV2-Wkb-5cC5JGsqBZhZHoWirOJVI/getUpdates "HTTP/1.1 200 OK"
2025-06-30 00:28:19,369 - httpx - INFO - HTTP Request: POST https://api.telegram.org/bot7695524046:AAEkX4aV2-Wkb-5cC5JGsqBZhZHoWirOJVI/getUpdates "HTTP/1.1 200 OK"
2025-06-30 00:28:29,522 - httpx - INFO - HTTP Request: POST https://api.telegram.org/bot7695524046:AAEkX4aV2-Wkb-5cC5JGsqBZhZHoWirOJVI/getUpdates "HTTP/1.1 200 OK"
2025-06-30 00:28:39,670 - httpx - INFO - HTTP Request: POST https://api.telegram.org/bot7695524046:AAEkX4aV2-Wkb-5cC5JGsqBZhZHoWirOJVI/getUpdates "HTTP/1.1 200 OK"
2025-06-30 00:28:44,215 - httpx - INFO - HTTP Request: POST https://api.telegram.org/bot7695524046:AAEkX4aV2-Wkb-5cC5JGsqBZhZHoWirOJVI/getUpdates "HTTP/1.1 200 OK"
2025-06-30 00:28:44,836 - httpx - INFO - HTTP Request: POST https://api.telegram.org/bot7695524046:AAEkX4aV2-Wkb-5cC5JGsqBZhZHoWirOJVI/sendMessage "HTTP/1.1 200 OK"
2025-06-30 00:28:49,085 - bot.youtube_service - INFO - Found 1 videos for query: levels
2025-06-30 00:28:49,410 - httpx - INFO - HTTP Request: POST https://api.telegram.org/bot7695524046:AAEkX4aV2-Wkb-5cC5JGsqBZhZHoWirOJVI/editMessageText "HTTP/1.1 200 OK"
2025-06-30 00:28:52,862 - bot.youtube_service - INFO - Downloaded audio: ./temp/_ovdm2yX4MA.m4a
2025-06-30 00:28:53,193 - httpx - INFO - HTTP Request: POST https://api.telegram.org/bot7695524046:AAEkX4aV2-Wkb-5cC5JGsqBZhZHoWirOJVI/editMessageText "HTTP/1.1 200 OK"
2025-06-30 00:28:54,361 - httpx - INFO - HTTP Request: POST https://api.telegram.org/bot7695524046:AAEkX4aV2-Wkb-5cC5JGsqBZhZHoWirOJVI/getUpdates "HTTP/1.1 200 OK"
2025-06-30 00:28:56,220 - httpx - INFO - HTTP Request: POST https://api.telegram.org/bot7695524046:AAEkX4aV2-Wkb-5cC5JGsqBZhZHoWirOJVI/sendAudio "HTTP/1.1 200 OK"
2025-06-30 00:28:56,557 - httpx - INFO - HTTP Request: POST https://api.telegram.org/bot7695524046:AAEkX4aV2-Wkb-5cC5JGsqBZhZHoWirOJVI/editMessageText "HTTP/1.1 200 OK"
2025-06-30 00:29:04,513 - httpx - INFO - HTTP Request: POST https://api.telegram.org/bot7695524046:AAEkX4aV2-Wkb-5cC5JGsqBZhZHoWirOJVI/getUpdates "HTTP/1.1 200 OK"
2025-06-30 00:29:14,126 - httpx - INFO - HTTP Request: POST https://api.telegram.org/bot7695524046:AAEkX4aV2-Wkb-5cC5JGsqBZhZHoWirOJVI/getUpdates "HTTP/1.1 200 OK"
2025-06-30 00:29:14,735 - httpx - INFO - HTTP Request: POST https://api.telegram.org/bot7695524046:AAEkX4aV2-Wkb-5cC5JGsqBZhZHoWirOJVI/sendMessage "HTTP/1.1 200 OK"
2025-06-30 00:29:18,878 - bot.youtube_service - INFO - Found 1 videos for query: pasoori
2025-06-30 00:29:19,203 - httpx - INFO - HTTP Request: POST https://api.telegram.org/bot7695524046:AAEkX4aV2-Wkb-5cC5JGsqBZhZHoWirOJVI/editMessageText "HTTP/1.1 200 OK"
2025-06-30 00:29:24,269 - httpx - INFO - HTTP Request: POST https://api.telegram.org/bot7695524046:AAEkX4aV2-Wkb-5cC5JGsqBZhZHoWirOJVI/getUpdates "HTTP/1.1 200 OK"
2025-06-30 00:29:34,413 - httpx - INFO - HTTP Request: POST https://api.telegram.org/bot7695524046:AAEkX4aV2-Wkb-5cC5JGsqBZhZHoWirOJVI/getUpdates "HTTP/1.1 200 OK"
2025-06-30 00:29:44,557 - httpx - INFO - HTTP Request: POST https://api.telegram.org/bot7695524046:AAEkX4aV2-Wkb-5cC5JGsqBZhZHoWirOJVI/getUpdates "HTTP/1.1 200 OK"
2025-06-30 00:29:54,701 - httpx - INFO - HTTP Request: POST https://api.telegram.org/bot7695524046:AAEkX4aV2-Wkb-5cC5JGsqBZhZHoWirOJVI/getUpdates "HTTP/1.1 200 OK"
2025-06-30 00:30:04,848 - httpx - INFO - HTTP Request: POST https://api.telegram.org/bot7695524046:AAEkX4aV2-Wkb-5cC5JGsqBZhZHoWirOJVI/getUpdates "HTTP/1.1 200 OK"
2025-06-30 00:30:14,990 - httpx - INFO - HTTP Request: POST https://api.telegram.org/bot7695524046:AAEkX4aV2-Wkb-5cC5JGsqBZhZHoWirOJVI/getUpdates "HTTP/1.1 200 OK"
2025-06-30 00:30:25,133 - httpx - INFO - HTTP Request: POST https://api.telegram.org/bot7695524046:AAEkX4aV2-Wkb-5cC5JGsqBZhZHoWirOJVI/getUpdates "HTTP/1.1 200 OK"
2025-06-30 00:30:35,281 - httpx - INFO - HTTP Request: POST https://api.telegram.org/bot7695524046:AAEkX4aV2-Wkb-5cC5JGsqBZhZHoWirOJVI/getUpdates "HTTP/1.1 200 OK"
2025-06-30 00:30:45,422 - httpx - INFO - HTTP Request: POST https://api.telegram.org/bot7695524046:AAEkX4aV2-Wkb-5cC5JGsqBZhZHoWirOJVI/getUpdates "HTTP/1.1 200 OK"
2025-06-30 00:30:52,538 - httpx - INFO - HTTP Request: POST https://api.telegram.org/bot7695524046:AAEkX4aV2-Wkb-5cC5JGsqBZhZHoWirOJVI/getUpdates "HTTP/1.1 200 OK"
2025-06-30 00:30:52,539 - telegram.ext.Application - INFO - Application is stopping. This might take a moment.
2025-06-30 00:30:52,539 - telegram.ext.Application - INFO - Application.stop() complete
2025-06-30 00:30:54,049 - __main__ - INFO - Starting Telegram Music Bot...
2025-06-30 00:30:54,481 - httpx - INFO - HTTP Request: POST https://api.telegram.org/bot7695524046:AAEkX4aV2-Wkb-5cC5JGsqBZhZHoWirOJVI/getMe "HTTP/1.1 200 OK"
2025-06-30 00:30:54,627 - httpx - INFO - HTTP Request: POST https://api.telegram.org/bot7695524046:AAEkX4aV2-Wkb-5cC5JGsqBZhZHoWirOJVI/deleteWebhook "HTTP/1.1 200 OK"
2025-06-30 00:30:54,629 - telegram.ext.Application - INFO - Application started
2025-06-30 00:31:05,052 - httpx - INFO - HTTP Request: POST https://api.telegram.org/bot7695524046:AAEkX4aV2-Wkb-5cC5JGsqBZhZHoWirOJVI/getUpdates "HTTP/1.1 200 OK"
2025-06-30 00:31:15,194 - httpx - INFO - HTTP Request: POST https://api.telegram.org/bot7695524046:AAEkX4aV2-Wkb-5cC5JGsqBZhZHoWirOJVI/getUpdates "HTTP/1.1 200 OK"
2025-06-30 00:31:25,335 - httpx - INFO - HTTP Request: POST https://api.telegram.org/bot7695524046:AAEkX4aV2-Wkb-5cC5JGsqBZhZHoWirOJVI/getUpdates "HTTP/1.1 200 OK"
2025-06-30 00:31:35,476 - httpx - INFO - HTTP Request: POST https://api.telegram.org/bot7695524046:AAEkX4aV2-Wkb-5cC5JGsqBZhZHoWirOJVI/getUpdates "HTTP/1.1 200 OK"
2025-06-30 00:31:39,629 - httpx - INFO - HTTP Request: POST https://api.telegram.org/bot7695524046:AAEkX4aV2-Wkb-5cC5JGsqBZhZHoWirOJVI/getUpdates "HTTP/1.1 200 OK"
2025-06-30 00:31:40,237 - httpx - INFO - HTTP Request: POST https://api.telegram.org/bot7695524046:AAEkX4aV2-Wkb-5cC5JGsqBZhZHoWirOJVI/sendMessage "HTTP/1.1 200 OK"
2025-06-30 00:31:44,556 - bot.youtube_service - INFO - Found 1 videos for query: pasoori
2025-06-30 00:31:44,876 - httpx - INFO - HTTP Request: POST https://api.telegram.org/bot7695524046:AAEkX4aV2-Wkb-5cC5JGsqBZhZHoWirOJVI/editMessageText "HTTP/1.1 200 OK"
2025-06-30 00:31:47,545 - bot.youtube_service - INFO - Downloaded audio: ./temp/5Eqb_-j3FDA.m4a
2025-06-30 00:31:47,864 - httpx - INFO - HTTP Request: POST https://api.telegram.org/bot7695524046:AAEkX4aV2-Wkb-5cC5JGsqBZhZHoWirOJVI/editMessageText "HTTP/1.1 200 OK"
2025-06-30 00:31:49,772 - httpx - INFO - HTTP Request: POST https://api.telegram.org/bot7695524046:AAEkX4aV2-Wkb-5cC5JGsqBZhZHoWirOJVI/getUpdates "HTTP/1.1 200 OK"
2025-06-30 00:31:50,165 - httpx - INFO - HTTP Request: POST https://api.telegram.org/bot7695524046:AAEkX4aV2-Wkb-5cC5JGsqBZhZHoWirOJVI/sendAudio "HTTP/1.1 200 OK"
2025-06-30 00:31:50,484 - httpx - INFO - HTTP Request: POST https://api.telegram.org/bot7695524046:AAEkX4aV2-Wkb-5cC5JGsqBZhZHoWirOJVI/editMessageText "HTTP/1.1 200 OK"
2025-06-30 00:31:59,913 - httpx - INFO - HTTP Request: POST https://api.telegram.org/bot7695524046:AAEkX4aV2-Wkb-5cC5JGsqBZhZHoWirOJVI/getUpdates "HTTP/1.1 200 OK"
2025-06-30 00:32:04,298 - httpx - INFO - HTTP Request: POST https://api.telegram.org/bot7695524046:AAEkX4aV2-Wkb-5cC5JGsqBZhZHoWirOJVI/getUpdates "HTTP/1.1 200 OK"
2025-06-30 00:32:04,905 - httpx - INFO - HTTP Request: POST https://api.telegram.org/bot7695524046:AAEkX4aV2-Wkb-5cC5JGsqBZhZHoWirOJVI/sendMessage "HTTP/1.1 200 OK"
2025-06-30 00:32:08,595 - bot.youtube_service - INFO - Found 1 videos for query: 295
2025-06-30 00:32:08,931 - httpx - INFO - HTTP Request: POST https://api.telegram.org/bot7695524046:AAEkX4aV2-Wkb-5cC5JGsqBZhZHoWirOJVI/editMessageText "HTTP/1.1 200 OK"
2025-06-30 00:32:12,376 - bot.youtube_service - INFO - Downloaded audio: ./temp/n_FCrCQ6-bA.m4a
2025-06-30 00:32:12,693 - httpx - INFO - HTTP Request: POST https://api.telegram.org/bot7695524046:AAEkX4aV2-Wkb-5cC5JGsqBZhZHoWirOJVI/editMessageText "HTTP/1.1 200 OK"
2025-06-30 00:32:14,440 - httpx - INFO - HTTP Request: POST https://api.telegram.org/bot7695524046:AAEkX4aV2-Wkb-5cC5JGsqBZhZHoWirOJVI/getUpdates "HTTP/1.1 200 OK"
2025-06-30 00:32:14,960 - httpx - INFO - HTTP Request: POST https://api.telegram.org/bot7695524046:AAEkX4aV2-Wkb-5cC5JGsqBZhZHoWirOJVI/sendAudio "HTTP/1.1 200 OK"
2025-06-30 00:32:15,278 - httpx - INFO - HTTP Request: POST https://api.telegram.org/bot7695524046:AAEkX4aV2-Wkb-5cC5JGsqBZhZHoWirOJVI/editMessageText "HTTP/1.1 200 OK"
2025-06-30 00:32:24,582 - httpx - INFO - HTTP Request: POST https://api.telegram.org/bot7695524046:AAEkX4aV2-Wkb-5cC5JGsqBZhZHoWirOJVI/getUpdates "HTTP/1.1 200 OK"
2025-06-30 00:32:34,723 - httpx - INFO - HTTP Request: POST https://api.telegram.org/bot7695524046:AAEkX4aV2-Wkb-5cC5JGsqBZhZHoWirOJVI/getUpdates "HTTP/1.1 200 OK"
2025-06-30 00:32:44,865 - httpx - INFO - HTTP Request: POST https://api.telegram.org/bot7695524046:AAEkX4aV2-Wkb-5cC5JGsqBZhZHoWirOJVI/getUpdates "HTTP/1.1 200 OK"
2025-06-30 00:32:54,298 - httpx - INFO - HTTP Request: POST https://api.telegram.org/bot7695524046:AAEkX4aV2-Wkb-5cC5JGsqBZhZHoWirOJVI/getUpdates "HTTP/1.1 200 OK"
2025-06-30 00:32:54,901 - httpx - INFO - HTTP Request: POST https://api.telegram.org/bot7695524046:AAEkX4aV2-Wkb-5cC5JGsqBZhZHoWirOJVI/sendMessage "HTTP/1.1 200 OK"
2025-06-30 00:32:59,151 - bot.youtube_service - INFO - Found 1 videos for query: goat
2025-06-30 00:32:59,470 - httpx - INFO - HTTP Request: POST https://api.telegram.org/bot7695524046:AAEkX4aV2-Wkb-5cC5JGsqBZhZHoWirOJVI/editMessageText "HTTP/1.1 200 OK"
2025-06-30 00:33:03,230 - bot.youtube_service - INFO - Downloaded audio: ./temp/cl0a3i2wFcc.m4a
2025-06-30 00:33:03,544 - httpx - INFO - HTTP Request: POST https://api.telegram.org/bot7695524046:AAEkX4aV2-Wkb-5cC5JGsqBZhZHoWirOJVI/editMessageText "HTTP/1.1 200 OK"
2025-06-30 00:33:04,441 - httpx - INFO - HTTP Request: POST https://api.telegram.org/bot7695524046:AAEkX4aV2-Wkb-5cC5JGsqBZhZHoWirOJVI/getUpdates "HTTP/1.1 200 OK"
2025-06-30 00:33:05,514 - httpx - INFO - HTTP Request: POST https://api.telegram.org/bot7695524046:AAEkX4aV2-Wkb-5cC5JGsqBZhZHoWirOJVI/sendAudio "HTTP/1.1 200 OK"
2025-06-30 00:33:05,831 - httpx - INFO - HTTP Request: POST https://api.telegram.org/bot7695524046:AAEkX4aV2-Wkb-5cC5JGsqBZhZHoWirOJVI/editMessageText "HTTP/1.1 200 OK"
2025-06-30 00:33:14,589 - httpx - INFO - HTTP Request: POST https://api.telegram.org/bot7695524046:AAEkX4aV2-Wkb-5cC5JGsqBZhZHoWirOJVI/getUpdates "HTTP/1.1 200 OK"
2025-06-30 00:33:24,730 - httpx - INFO - HTTP Request: POST https://api.telegram.org/bot7695524046:AAEkX4aV2-Wkb-5cC5JGsqBZhZHoWirOJVI/getUpdates "HTTP/1.1 200 OK"
2025-06-30 00:33:34,872 - httpx - INFO - HTTP Request: POST https://api.telegram.org/bot7695524046:AAEkX4aV2-Wkb-5cC5JGsqBZhZHoWirOJVI/getUpdates "HTTP/1.1 200 OK"
2025-06-30 00:33:45,013 - httpx - INFO - HTTP Request: POST https://api.telegram.org/bot7695524046:AAEkX4aV2-Wkb-5cC5JGsqBZhZHoWirOJVI/getUpdates "HTTP/1.1 200 OK"
2025-06-30 00:33:55,155 - httpx - INFO - HTTP Request: POST https://api.telegram.org/bot7695524046:AAEkX4aV2-Wkb-5cC5JGsqBZhZHoWirOJVI/getUpdates "HTTP/1.1 200 OK"
2025-06-30 00:34:05,296 - httpx - INFO - HTTP Request: POST https://api.telegram.org/bot7695524046:AAEkX4aV2-Wkb-5cC5JGsqBZhZHoWirOJVI/getUpdates "HTTP/1.1 200 OK"
2025-06-30 00:34:15,437 - httpx - INFO - HTTP Request: POST https://api.telegram.org/bot7695524046:AAEkX4aV2-Wkb-5cC5JGsqBZhZHoWirOJVI/getUpdates "HTTP/1.1 200 OK"
2025-06-30 00:34:25,579 - httpx - INFO - HTTP Request: POST https://api.telegram.org/bot7695524046:AAEkX4aV2-Wkb-5cC5JGsqBZhZHoWirOJVI/getUpdates "HTTP/1.1 200 OK"
2025-06-30 00:34:35,721 - httpx - INFO - HTTP Request: POST https://api.telegram.org/bot7695524046:AAEkX4aV2-Wkb-5cC5JGsqBZhZHoWirOJVI/getUpdates "HTTP/1.1 200 OK"
2025-06-30 00:34:45,861 - httpx - INFO - HTTP Request: POST https://api.telegram.org/bot7695524046:AAEkX4aV2-Wkb-5cC5JGsqBZhZHoWirOJVI/getUpdates "HTTP/1.1 200 OK"
2025-06-30 00:34:56,003 - httpx - INFO - HTTP Request: POST https://api.telegram.org/bot7695524046:AAEkX4aV2-Wkb-5cC5JGsqBZhZHoWirOJVI/getUpdates "HTTP/1.1 200 OK"
2025-06-30 00:35:06,144 - httpx - INFO - HTTP Request: POST https://api.telegram.org/bot7695524046:AAEkX4aV2-Wkb-5cC5JGsqBZhZHoWirOJVI/getUpdates "HTTP/1.1 200 OK"
2025-06-30 00:35:16,285 - httpx - INFO - HTTP Request: POST https://api.telegram.org/bot7695524046:AAEkX4aV2-Wkb-5cC5JGsqBZhZHoWirOJVI/getUpdates "HTTP/1.1 200 OK"
2025-06-30 00:35:26,427 - httpx - INFO - HTTP Request: POST https://api.telegram.org/bot7695524046:AAEkX4aV2-Wkb-5cC5JGsqBZhZHoWirOJVI/getUpdates "HTTP/1.1 200 OK"
2025-06-30 00:35:36,568 - httpx - INFO - HTTP Request: POST https://api.telegram.org/bot7695524046:AAEkX4aV2-Wkb-5cC5JGsqBZhZHoWirOJVI/getUpdates "HTTP/1.1 200 OK"
2025-06-30 00:35:46,710 - httpx - INFO - HTTP Request: POST https://api.telegram.org/bot7695524046:AAEkX4aV2-Wkb-5cC5JGsqBZhZHoWirOJVI/getUpdates "HTTP/1.1 200 OK"
2025-06-30 00:35:56,851 - httpx - INFO - HTTP Request: POST https://api.telegram.org/bot7695524046:AAEkX4aV2-Wkb-5cC5JGsqBZhZHoWirOJVI/getUpdates "HTTP/1.1 200 OK"
2025-06-30 00:36:06,992 - httpx - INFO - HTTP Request: POST https://api.telegram.org/bot7695524046:AAEkX4aV2-Wkb-5cC5JGsqBZhZHoWirOJVI/getUpdates "HTTP/1.1 200 OK"
2025-06-30 00:36:17,133 - httpx - INFO - HTTP Request: POST https://api.telegram.org/bot7695524046:AAEkX4aV2-Wkb-5cC5JGsqBZhZHoWirOJVI/getUpdates "HTTP/1.1 200 OK"
2025-06-30 00:36:27,276 - httpx - INFO - HTTP Request: POST https://api.telegram.org/bot7695524046:AAEkX4aV2-Wkb-5cC5JGsqBZhZHoWirOJVI/getUpdates "HTTP/1.1 200 OK"
2025-06-30 00:36:37,417 - httpx - INFO - HTTP Request: POST https://api.telegram.org/bot7695524046:AAEkX4aV2-Wkb-5cC5JGsqBZhZHoWirOJVI/getUpdates "HTTP/1.1 200 OK"
2025-06-30 00:36:47,559 - httpx - INFO - HTTP Request: POST https://api.telegram.org/bot7695524046:AAEkX4aV2-Wkb-5cC5JGsqBZhZHoWirOJVI/getUpdates "HTTP/1.1 200 OK"
2025-06-30 00:36:57,700 - httpx - INFO - HTTP Request: POST https://api.telegram.org/bot7695524046:AAEkX4aV2-Wkb-5cC5JGsqBZhZHoWirOJVI/getUpdates "HTTP/1.1 200 OK"
2025-06-30 00:37:07,841 - httpx - INFO - HTTP Request: POST https://api.telegram.org/bot7695524046:AAEkX4aV2-Wkb-5cC5JGsqBZhZHoWirOJVI/getUpdates "HTTP/1.1 200 OK"
2025-06-30 00:37:17,982 - httpx - INFO - HTTP Request: POST https://api.telegram.org/bot7695524046:AAEkX4aV2-Wkb-5cC5JGsqBZhZHoWirOJVI/getUpdates "HTTP/1.1 200 OK"
2025-06-30 00:37:28,123 - httpx - INFO - HTTP Request: POST https://api.telegram.org/bot7695524046:AAEkX4aV2-Wkb-5cC5JGsqBZhZHoWirOJVI/getUpdates "HTTP/1.1 200 OK"
2025-06-30 00:37:38,264 - httpx - INFO - HTTP Request: POST https://api.telegram.org/bot7695524046:AAEkX4aV2-Wkb-5cC5JGsqBZhZHoWirOJVI/getUpdates "HTTP/1.1 200 OK"
2025-06-30 00:37:48,411 - httpx - INFO - HTTP Request: POST https://api.telegram.org/bot7695524046:AAEkX4aV2-Wkb-5cC5JGsqBZhZHoWirOJVI/getUpdates "HTTP/1.1 200 OK"
2025-06-30 00:37:58,552 - httpx - INFO - HTTP Request: POST https://api.telegram.org/bot7695524046:AAEkX4aV2-Wkb-5cC5JGsqBZhZHoWirOJVI/getUpdates "HTTP/1.1 200 OK"
2025-06-30 00:38:08,693 - httpx - INFO - HTTP Request: POST https://api.telegram.org/bot7695524046:AAEkX4aV2-Wkb-5cC5JGsqBZhZHoWirOJVI/getUpdates "HTTP/1.1 200 OK"
2025-06-30 00:38:18,834 - httpx - INFO - HTTP Request: POST https://api.telegram.org/bot7695524046:AAEkX4aV2-Wkb-5cC5JGsqBZhZHoWirOJVI/getUpdates "HTTP/1.1 200 OK"
2025-06-30 00:38:28,984 - httpx - INFO - HTTP Request: POST https://api.telegram.org/bot7695524046:AAEkX4aV2-Wkb-5cC5JGsqBZhZHoWirOJVI/getUpdates "HTTP/1.1 200 OK"
2025-06-30 00:38:39,126 - httpx - INFO - HTTP Request: POST https://api.telegram.org/bot7695524046:AAEkX4aV2-Wkb-5cC5JGsqBZhZHoWirOJVI/getUpdates "HTTP/1.1 200 OK"
2025-06-30 00:38:49,267 - httpx - INFO - HTTP Request: POST https://api.telegram.org/bot7695524046:AAEkX4aV2-Wkb-5cC5JGsqBZhZHoWirOJVI/getUpdates "HTTP/1.1 200 OK"
2025-06-30 00:38:59,409 - httpx - INFO - HTTP Request: POST https://api.telegram.org/bot7695524046:AAEkX4aV2-Wkb-5cC5JGsqBZhZHoWirOJVI/getUpdates "HTTP/1.1 200 OK"
2025-06-30 00:39:09,550 - httpx - INFO - HTTP Request: POST https://api.telegram.org/bot7695524046:AAEkX4aV2-Wkb-5cC5JGsqBZhZHoWirOJVI/getUpdates "HTTP/1.1 200 OK"
2025-06-30 00:39:19,691 - httpx - INFO - HTTP Request: POST https://api.telegram.org/bot7695524046:AAEkX4aV2-Wkb-5cC5JGsqBZhZHoWirOJVI/getUpdates "HTTP/1.1 200 OK"
2025-06-30 00:39:29,833 - httpx - INFO - HTTP Request: POST https://api.telegram.org/bot7695524046:AAEkX4aV2-Wkb-5cC5JGsqBZhZHoWirOJVI/getUpdates "HTTP/1.1 200 OK"
2025-06-30 00:39:39,974 - httpx - INFO - HTTP Request: POST https://api.telegram.org/bot7695524046:AAEkX4aV2-Wkb-5cC5JGsqBZhZHoWirOJVI/getUpdates "HTTP/1.1 200 OK"
2025-06-30 00:39:50,115 - httpx - INFO - HTTP Request: POST https://api.telegram.org/bot7695524046:AAEkX4aV2-Wkb-5cC5JGsqBZhZHoWirOJVI/getUpdates "HTTP/1.1 200 OK"
2025-06-30 00:40:00,255 - httpx - INFO - HTTP Request: POST https://api.telegram.org/bot7695524046:AAEkX4aV2-Wkb-5cC5JGsqBZhZHoWirOJVI/getUpdates "HTTP/1.1 200 OK"
2025-06-30 00:40:10,397 - httpx - INFO - HTTP Request: POST https://api.telegram.org/bot7695524046:AAEkX4aV2-Wkb-5cC5JGsqBZhZHoWirOJVI/getUpdates "HTTP/1.1 200 OK"
2025-06-30 00:40:20,538 - httpx - INFO - HTTP Request: POST https://api.telegram.org/bot7695524046:AAEkX4aV2-Wkb-5cC5JGsqBZhZHoWirOJVI/getUpdates "HTTP/1.1 200 OK"
2025-06-30 00:40:30,679 - httpx - INFO - HTTP Request: POST https://api.telegram.org/bot7695524046:AAEkX4aV2-Wkb-5cC5JGsqBZhZHoWirOJVI/getUpdates "HTTP/1.1 200 OK"
